#
# There is insufficient memory for the Java Runtime Environment to continue.
# Native memory allocation (malloc) failed to allocate 32744 bytes for ChunkPool::allocate
# Possible reasons:
#   The system is out of physical RAM or swap space
#   The process is running with CompressedOops enabled, and the Java Heap may be blocking the growth of the native heap
# Possible solutions:
#   Reduce memory load on the system
#   Increase physical memory or swap space
#   Check if swap backing store is full
#   Decrease Java heap size (-Xmx/-Xms)
#   Decrease number of Java threads
#   Decrease Java thread stack sizes (-Xss)
#   Set larger code cache with -XX:ReservedCodeCacheSize=
#   JVM is running with Unscaled Compressed Oops mode in which the Java heap is
#     placed in the first 4GB address space. The Java Heap base address is the
#     maximum limit for the native heap growth. Please use -XX:HeapBaseMinAddress
#     to set the Java Heap base and to place the Java Heap above 4GB virtual address.
# This output file may be truncated or incomplete.
#
#  Out of Memory Error (allocation.cpp:272), pid=7344, tid=0x0000000000004324
#
# JRE version: OpenJDK Runtime Environment (8.0_302-b08) (build 1.8.0_302-b08)
# Java VM: OpenJDK 64-Bit Server VM (25.302-b08 mixed mode windows-amd64 compressed oops)
# Failed to write core dump. Minidumps are not enabled by default on client versions of Windows
#

---------------  T H R E A D  ---------------

Current thread (0x000001405492e800):  JavaThread "C2 CompilerThread0" daemon [_thread_in_native, id=17188, stack(0x00000024c9c00000,0x00000024c9d00000)]

Stack: [0x00000024c9c00000,0x00000024c9d00000]
[error occurred during error reporting (printing stack bounds), id 0xc0000005]

Native frames: (J=compiled Java code, j=interpreted, Vv=VM code, C=native code)


Current CompileTask:
C2:   4830 1782       4       java.net.URLClassLoader$1::run (5 bytes)


---------------  P R O C E S S  ---------------

Java Threads: ( => current thread )
  0x000001405495f000 JavaThread "Service Thread" daemon [_thread_blocked, id=3004, stack(0x00000024c9f00000,0x00000024ca000000)]
  0x000001405492b800 JavaThread "C1 CompilerThread2" daemon [_thread_blocked, id=15572, stack(0x00000024c9e00000,0x00000024c9f00000)]
  0x000001405492a800 JavaThread "C2 CompilerThread1" daemon [_thread_in_native, id=11856, stack(0x00000024c9d00000,0x00000024c9e00000)]
=>0x000001405492e800 JavaThread "C2 CompilerThread0" daemon [_thread_in_native, id=17188, stack(0x00000024c9c00000,0x00000024c9d00000)]
  0x0000014054922800 JavaThread "Attach Listener" daemon [_thread_blocked, id=16096, stack(0x00000024c9b00000,0x00000024c9c00000)]
  0x0000014054921000 JavaThread "Signal Dispatcher" daemon [_thread_blocked, id=14712, stack(0x00000024c9a00000,0x00000024c9b00000)]
  0x00000140548f5800 JavaThread "Finalizer" daemon [_thread_blocked, id=1608, stack(0x00000024c9900000,0x00000024c9a00000)]
  0x00000140541b8000 JavaThread "Reference Handler" daemon [_thread_blocked, id=16652, stack(0x00000024c9800000,0x00000024c9900000)]
  0x000001403e229000 JavaThread "main" [_thread_in_native, id=15692, stack(0x00000024c9200000,0x00000024c9300000)]

Other Threads:
  0x00000140548d0800 VMThread [stack: 0x00000024c9700000,0x00000024c9800000] [id=4208]
  0x0000014054964000 WatcherThread [stack: 0x00000024ca000000,0x00000024ca100000] [id=8648]

VM state:not at safepoint (normal execution)

VM Mutex/Monitor currently owned by a thread: None

heap address: 0x0000000081000000, size: 2032 MB, Compressed Oops mode: 32-bit
Narrow klass base: 0x0000000000000000, Narrow klass shift: 3
Compressed class space size: 1073741824 Address: 0x0000000100000000

Heap:
 PSYoungGen      total 38400K, used 10821K [0x00000000d5b00000, 0x00000000da600000, 0x0000000100000000)
  eden space 33280K, 32% used [0x00000000d5b00000,0x00000000d6591598,0x00000000d7b80000)
  from space 5120K, 0% used [0x00000000d7b80000,0x00000000d7b80000,0x00000000d8080000)
  to   space 5120K, 0% used [0x00000000da100000,0x00000000da100000,0x00000000da600000)
 ParOldGen       total 82944K, used 16030K [0x0000000081000000, 0x0000000086100000, 0x00000000d5b00000)
  object space 82944K, 19% used [0x0000000081000000,0x0000000081fa7830,0x0000000086100000)
 Metaspace       used 23125K, capacity 23696K, committed 23936K, reserved 1071104K
  class space    used 2757K, capacity 2923K, committed 2944K, reserved 1048576K

Card table byte_map: [0x000001404ee60000,0x000001404f260000] byte_map_base: 0x000001404ea58000

Marking Bits: (ParMarkBitMap*) 0x0000000070411820
 Begin Bits: [0x000001404f510000, 0x00000140514d0000)
 End Bits:   [0x00000140514d0000, 0x0000014053490000)

Polling page: 0x000001403e1d0000

CodeCache: size=245760Kb used=5830Kb max_used=5854Kb free=239929Kb
 bounds [0x000001403faa0000, 0x0000014040060000, 0x000001404eaa0000]
 total_blobs=2250 nmethods=1787 adapters=375
 compilation: enabled

Compilation events (10 events):
Event: 4.415 Thread 0x000001405492b800 1786       3       java.lang.Exception::<init> (7 bytes)
Event: 4.415 Thread 0x000001405492b800 nmethod 1786 0x000001404003d150 code [0x000001404003d2c0, 0x000001404003d450]
Event: 4.424 Thread 0x000001405492b800 1787       3       java.lang.invoke.LambdaForm$BMH/625576447::reinvoke (25 bytes)
Event: 4.424 Thread 0x000001405492b800 nmethod 1787 0x000001404003b690 code [0x000001404003b820, 0x000001404003be20]
Event: 4.481 Thread 0x000001405492b800 1788       3       java.lang.invoke.MethodHandleImpl::castReference (20 bytes)
Event: 4.482 Thread 0x000001405492b800 nmethod 1788 0x000001404003b150 code [0x000001404003b2c0, 0x000001404003b590]
Event: 4.498 Thread 0x000001405492b800 1789       3       java.lang.invoke.MethodHandles$Lookup::checkSymbolicClass (42 bytes)
Event: 4.499 Thread 0x000001405492b800 nmethod 1789 0x000001404004ab90 code [0x000001404004adc0, 0x000001404004b940]
Event: 4.539 Thread 0x000001405492b800 1790       3       java.lang.invoke.MethodHandles$Lookup::checkAccess (250 bytes)
Event: 4.541 Thread 0x000001405492b800 nmethod 1790 0x0000014040046050 code [0x0000014040046300, 0x0000014040047b90]

GC Heap History (8 events):
Event: 1.551 GC heap before
{Heap before GC invocations=1 (full 0):
 PSYoungGen      total 38400K, used 33280K [0x00000000d5b00000, 0x00000000d8580000, 0x0000000100000000)
  eden space 33280K, 100% used [0x00000000d5b00000,0x00000000d7b80000,0x00000000d7b80000)
  from space 5120K, 0% used [0x00000000d8080000,0x00000000d8080000,0x00000000d8580000)
  to   space 5120K, 0% used [0x00000000d7b80000,0x00000000d7b80000,0x00000000d8080000)
 ParOldGen       total 87552K, used 0K [0x0000000081000000, 0x0000000086580000, 0x00000000d5b00000)
  object space 87552K, 0% used [0x0000000081000000,0x0000000081000000,0x0000000086580000)
 Metaspace       used 10266K, capacity 10422K, committed 10752K, reserved 1058816K
  class space    used 1117K, capacity 1177K, committed 1280K, reserved 1048576K
Event: 1.562 GC heap after
Heap after GC invocations=1 (full 0):
 PSYoungGen      total 38400K, used 5095K [0x00000000d5b00000, 0x00000000d8580000, 0x0000000100000000)
  eden space 33280K, 0% used [0x00000000d5b00000,0x00000000d5b00000,0x00000000d7b80000)
  from space 5120K, 99% used [0x00000000d7b80000,0x00000000d8079e58,0x00000000d8080000)
  to   space 5120K, 0% used [0x00000000d8080000,0x00000000d8080000,0x00000000d8580000)
 ParOldGen       total 87552K, used 2482K [0x0000000081000000, 0x0000000086580000, 0x00000000d5b00000)
  object space 87552K, 2% used [0x0000000081000000,0x000000008126c928,0x0000000086580000)
 Metaspace       used 10266K, capacity 10422K, committed 10752K, reserved 1058816K
  class space    used 1117K, capacity 1177K, committed 1280K, reserved 1048576K
}
Event: 2.755 GC heap before
{Heap before GC invocations=2 (full 0):
 PSYoungGen      total 38400K, used 38375K [0x00000000d5b00000, 0x00000000d8580000, 0x0000000100000000)
  eden space 33280K, 100% used [0x00000000d5b00000,0x00000000d7b80000,0x00000000d7b80000)
  from space 5120K, 99% used [0x00000000d7b80000,0x00000000d8079e58,0x00000000d8080000)
  to   space 5120K, 0% used [0x00000000d8080000,0x00000000d8080000,0x00000000d8580000)
 ParOldGen       total 87552K, used 2482K [0x0000000081000000, 0x0000000086580000, 0x00000000d5b00000)
  object space 87552K, 2% used [0x0000000081000000,0x000000008126c928,0x0000000086580000)
 Metaspace       used 15934K, capacity 16282K, committed 16384K, reserved 1062912K
  class space    used 1875K, capacity 1989K, committed 2048K, reserved 1048576K
Event: 2.776 GC heap after
Heap after GC invocations=2 (full 0):
 PSYoungGen      total 38400K, used 5088K [0x00000000d5b00000, 0x00000000da600000, 0x0000000100000000)
  eden space 33280K, 0% used [0x00000000d5b00000,0x00000000d5b00000,0x00000000d7b80000)
  from space 5120K, 99% used [0x00000000d8080000,0x00000000d8578020,0x00000000d8580000)
  to   space 5120K, 0% used [0x00000000d7b80000,0x00000000d7b80000,0x00000000d8080000)
 ParOldGen       total 87552K, used 7089K [0x0000000081000000, 0x0000000086580000, 0x00000000d5b00000)
  object space 87552K, 8% used [0x0000000081000000,0x00000000816ec6a8,0x0000000086580000)
 Metaspace       used 15934K, capacity 16282K, committed 16384K, reserved 1062912K
  class space    used 1875K, capacity 1989K, committed 2048K, reserved 1048576K
}
Event: 3.520 GC heap before
{Heap before GC invocations=3 (full 0):
 PSYoungGen      total 38400K, used 31398K [0x00000000d5b00000, 0x00000000da600000, 0x0000000100000000)
  eden space 33280K, 79% used [0x00000000d5b00000,0x00000000d74b1a20,0x00000000d7b80000)
  from space 5120K, 99% used [0x00000000d8080000,0x00000000d8578020,0x00000000d8580000)
  to   space 5120K, 0% used [0x00000000d7b80000,0x00000000d7b80000,0x00000000d8080000)
 ParOldGen       total 87552K, used 7089K [0x0000000081000000, 0x0000000086580000, 0x00000000d5b00000)
  object space 87552K, 8% used [0x0000000081000000,0x00000000816ec6a8,0x0000000086580000)
 Metaspace       used 20662K, capacity 21126K, committed 21296K, reserved 1069056K
  class space    used 2454K, capacity 2626K, committed 2688K, reserved 1048576K
Event: 3.544 GC heap after
Heap after GC invocations=3 (full 0):
 PSYoungGen      total 38400K, used 5088K [0x00000000d5b00000, 0x00000000da600000, 0x0000000100000000)
  eden space 33280K, 0% used [0x00000000d5b00000,0x00000000d5b00000,0x00000000d7b80000)
  from space 5120K, 99% used [0x00000000d7b80000,0x00000000d8078030,0x00000000d8080000)
  to   space 5120K, 0% used [0x00000000da100000,0x00000000da100000,0x00000000da600000)
 ParOldGen       total 87552K, used 18215K [0x0000000081000000, 0x0000000086580000, 0x00000000d5b00000)
  object space 87552K, 20% used [0x0000000081000000,0x00000000821c9c60,0x0000000086580000)
 Metaspace       used 20662K, capacity 21126K, committed 21296K, reserved 1069056K
  class space    used 2454K, capacity 2626K, committed 2688K, reserved 1048576K
}
Event: 3.544 GC heap before
{Heap before GC invocations=4 (full 1):
 PSYoungGen      total 38400K, used 5088K [0x00000000d5b00000, 0x00000000da600000, 0x0000000100000000)
  eden space 33280K, 0% used [0x00000000d5b00000,0x00000000d5b00000,0x00000000d7b80000)
  from space 5120K, 99% used [0x00000000d7b80000,0x00000000d8078030,0x00000000d8080000)
  to   space 5120K, 0% used [0x00000000da100000,0x00000000da100000,0x00000000da600000)
 ParOldGen       total 87552K, used 18215K [0x0000000081000000, 0x0000000086580000, 0x00000000d5b00000)
  object space 87552K, 20% used [0x0000000081000000,0x00000000821c9c60,0x0000000086580000)
 Metaspace       used 20662K, capacity 21126K, committed 21296K, reserved 1069056K
  class space    used 2454K, capacity 2626K, committed 2688K, reserved 1048576K
Event: 3.653 GC heap after
Heap after GC invocations=4 (full 1):
 PSYoungGen      total 38400K, used 0K [0x00000000d5b00000, 0x00000000da600000, 0x0000000100000000)
  eden space 33280K, 0% used [0x00000000d5b00000,0x00000000d5b00000,0x00000000d7b80000)
  from space 5120K, 0% used [0x00000000d7b80000,0x00000000d7b80000,0x00000000d8080000)
  to   space 5120K, 0% used [0x00000000da100000,0x00000000da100000,0x00000000da600000)
 ParOldGen       total 82944K, used 16030K [0x0000000081000000, 0x0000000086100000, 0x00000000d5b00000)
  object space 82944K, 19% used [0x0000000081000000,0x0000000081fa7830,0x0000000086100000)
 Metaspace       used 20662K, capacity 21126K, committed 21296K, reserved 1069056K
  class space    used 2454K, capacity 2626K, committed 2688K, reserved 1048576K
}

Deoptimization events (10 events):
Event: 1.589 Thread 0x000001403e229000 Uncommon trap: reason=bimorphic action=maybe_recompile pc=0x000001403fd85240 method=kotlin.reflect.jvm.internal.impl.protobuf.CodedInputStream.tryRefillBuffer(I)Z @ 175
Event: 1.613 Thread 0x000001403e229000 Uncommon trap: reason=bimorphic action=maybe_recompile pc=0x000001403fd85240 method=kotlin.reflect.jvm.internal.impl.protobuf.CodedInputStream.tryRefillBuffer(I)Z @ 175
Event: 1.861 Thread 0x000001403e229000 Uncommon trap: reason=bimorphic action=maybe_recompile pc=0x000001403fd85240 method=kotlin.reflect.jvm.internal.impl.protobuf.CodedInputStream.tryRefillBuffer(I)Z @ 175
Event: 1.864 Thread 0x000001403e229000 Uncommon trap: reason=bimorphic action=maybe_recompile pc=0x000001403fd85240 method=kotlin.reflect.jvm.internal.impl.protobuf.CodedInputStream.tryRefillBuffer(I)Z @ 175
Event: 2.372 Thread 0x000001403e229000 Uncommon trap: reason=unstable_if action=reinterpret pc=0x000001403fd91e10 method=java.lang.Integer.valueOf(I)Ljava/lang/Integer; @ 3
Event: 2.381 Thread 0x000001403e229000 Uncommon trap: reason=unstable_if action=reinterpret pc=0x000001403fd17874 method=java.lang.String.indexOf([CII[CIII)I @ 3
Event: 3.332 Thread 0x000001403e229000 Uncommon trap: reason=unstable_if action=reinterpret pc=0x000001403fd312f0 method=sun.misc.MetaIndex.mayContain(Ljava/lang/String;)Z @ 38
Event: 3.467 Thread 0x000001403e229000 Uncommon trap: reason=unstable_if action=reinterpret pc=0x000001404001741c method=java.util.Arrays.equals([B[B)Z @ 2
Event: 3.512 Thread 0x000001403e229000 Uncommon trap: reason=class_check action=maybe_recompile pc=0x000001403ffd3e38 method=java.util.zip.InflaterInputStream.read([BII)I @ 100
Event: 4.214 Thread 0x000001403e229000 Uncommon trap: reason=unstable_if action=reinterpret pc=0x000001403fc6d188 method=java.lang.String.startsWith(Ljava/lang/String;I)Z @ 25

Classes redefined (0 events):
No events

Internal exceptions (10 events):
Event: 2.051 Thread 0x000001403e229000 Exception <a 'java/lang/ArrayIndexOutOfBoundsException'> (0x00000000d66f8c10) thrown at [C:\wsjdk\Corretto8Src\installers\windows\zip\corretto-build\buildRoot\src\hotspot\src\share\vm\runtime\sharedRuntime.cpp, line 609]
Event: 3.139 Thread 0x000001403e229000 Exception <a 'java/lang/NoSuchMethodError': java.lang.Object.lambda$static$0()J> (0x00000000d6713088) thrown at [C:\wsjdk\Corretto8Src\installers\windows\zip\corretto-build\buildRoot\src\hotspot\src\share\vm\interpreter\linkResolver.cpp, line 620]
Event: 3.897 Thread 0x000001403e229000 Exception <a 'sun/nio/fs/WindowsException'> (0x00000000d5c03220) thrown at [C:\wsjdk\Corretto8Src\installers\windows\zip\corretto-build\buildRoot\src\hotspot\src\share\vm\prims\jni.cpp, line 711]
Event: 3.897 Thread 0x000001403e229000 Exception <a 'sun/nio/fs/WindowsException'> (0x00000000d5c03da8) thrown at [C:\wsjdk\Corretto8Src\installers\windows\zip\corretto-build\buildRoot\src\hotspot\src\share\vm\prims\jni.cpp, line 711]
Event: 3.897 Thread 0x000001403e229000 Exception <a 'sun/nio/fs/WindowsException'> (0x00000000d5c04958) thrown at [C:\wsjdk\Corretto8Src\installers\windows\zip\corretto-build\buildRoot\src\hotspot\src\share\vm\prims\jni.cpp, line 711]
Event: 3.898 Thread 0x000001403e229000 Exception <a 'sun/nio/fs/WindowsException'> (0x00000000d5c05718) thrown at [C:\wsjdk\Corretto8Src\installers\windows\zip\corretto-build\buildRoot\src\hotspot\src\share\vm\prims\jni.cpp, line 711]
Event: 3.898 Thread 0x000001403e229000 Exception <a 'sun/nio/fs/WindowsException'> (0x00000000d5c06370) thrown at [C:\wsjdk\Corretto8Src\installers\windows\zip\corretto-build\buildRoot\src\hotspot\src\share\vm\prims\jni.cpp, line 711]
Event: 3.898 Thread 0x000001403e229000 Exception <a 'sun/nio/fs/WindowsException'> (0x00000000d5c07038) thrown at [C:\wsjdk\Corretto8Src\installers\windows\zip\corretto-build\buildRoot\src\hotspot\src\share\vm\prims\jni.cpp, line 711]
Event: 4.073 Thread 0x000001403e229000 Exception <a 'java/lang/NoSuchMethodError': java.lang.Object.lambda$static$0(I)[Lorg/jetbrains/kotlin/com/intellij/openapi/editor/event/DocumentListener;> (0x00000000d5ef0be0) thrown at [C:\wsjdk\Corretto8Src\installers\windows\zip\corretto-build\buildRoo
Event: 4.183 Thread 0x000001403e229000 Exception <a 'java/lang/NoSuchMethodError': java.lang.Object.lambda$static$0(I)[Lorg/jetbrains/kotlin/com/intellij/psi/PsiAnnotation;> (0x00000000d612c9d8) thrown at [C:\wsjdk\Corretto8Src\installers\windows\zip\corretto-build\buildRoot\src\hotspot\src\sh

Events (10 events):
Event: 4.591 loading class org/jetbrains/kotlin/extensions/DeclarationAttributeAltererExtension$Companion
Event: 4.591 loading class org/jetbrains/kotlin/extensions/DeclarationAttributeAltererExtension$Companion done
Event: 4.591 loading class org/jetbrains/kotlin/extensions/PreprocessedVirtualFileFactoryExtension
Event: 4.591 loading class org/jetbrains/kotlin/extensions/PreprocessedVirtualFileFactoryExtension done
Event: 4.591 loading class org/jetbrains/kotlin/extensions/PreprocessedVirtualFileFactoryExtension$Companion
Event: 4.591 loading class org/jetbrains/kotlin/extensions/PreprocessedVirtualFileFactoryExtension$Companion done
Event: 4.592 loading class org/jetbrains/kotlin/js/translate/extensions/JsSyntheticTranslateExtension
Event: 4.592 loading class org/jetbrains/kotlin/js/translate/extensions/JsSyntheticTranslateExtension done
Event: 4.594 loading class org/jetbrains/kotlin/js/translate/extensions/JsSyntheticTranslateExtension$Companion
Event: 4.594 loading class org/jetbrains/kotlin/js/translate/extensions/JsSyntheticTranslateExtension$Companion done


Dynamic libraries:
0x00007ff7bcf90000 - 0x00007ff7bcfca000 	C:\Users\Abhijeet\.jdks\corretto-1.8.0_302\jre\bin\java.exe
0x00007ff952e90000 - 0x00007ff953088000 	C:\WINDOWS\SYSTEM32\ntdll.dll
0x00007ff951da0000 - 0x00007ff951e5d000 	C:\WINDOWS\System32\KERNEL32.DLL
0x00007ff950950000 - 0x00007ff950c1e000 	C:\WINDOWS\System32\KERNELBASE.dll
0x00007ff952bf0000 - 0x00007ff952c9e000 	C:\WINDOWS\System32\ADVAPI32.dll
0x00007ff9514b0000 - 0x00007ff95154e000 	C:\WINDOWS\System32\msvcrt.dll
0x00007ff950ef0000 - 0x00007ff950f8c000 	C:\WINDOWS\System32\sechost.dll
0x00007ff9529b0000 - 0x00007ff952ad5000 	C:\WINDOWS\System32\RPCRT4.dll
0x00007ff951c00000 - 0x00007ff951da0000 	C:\WINDOWS\System32\USER32.dll
0x00007ff950c20000 - 0x00007ff950c42000 	C:\WINDOWS\System32\win32u.dll
0x00007ff952770000 - 0x00007ff95279a000 	C:\WINDOWS\System32\GDI32.dll
0x00007ff950c50000 - 0x00007ff950d5b000 	C:\WINDOWS\System32\gdi32full.dll
0x00007ff9507b0000 - 0x00007ff95084d000 	C:\WINDOWS\System32\msvcp_win.dll
0x00007ff950850000 - 0x00007ff950950000 	C:\WINDOWS\System32\ucrtbase.dll
0x00007ff93f480000 - 0x00007ff93f71a000 	C:\WINDOWS\WinSxS\amd64_microsoft.windows.common-controls_6595b64144ccf1df_6.0.19041.1110_none_60b5254171f9507e\COMCTL32.dll
0x00007ff9525c0000 - 0x00007ff9525f0000 	C:\WINDOWS\System32\IMM32.DLL
0x00007ff93e1a0000 - 0x00007ff93e28f000 	C:\Users\Abhijeet\.jdks\corretto-1.8.0_302\jre\bin\msvcr120.dll
0x00007ff91e720000 - 0x00007ff91e7c6000 	C:\Users\Abhijeet\.jdks\corretto-1.8.0_302\jre\bin\msvcp120.dll
0x000000006fc20000 - 0x0000000070490000 	C:\Users\Abhijeet\.jdks\corretto-1.8.0_302\jre\bin\server\jvm.dll
0x00007ff951b90000 - 0x00007ff951b98000 	C:\WINDOWS\System32\PSAPI.DLL
0x00007ff94ecf0000 - 0x00007ff94ecf9000 	C:\WINDOWS\SYSTEM32\WSOCK32.dll
0x00007ff93e6d0000 - 0x00007ff93e6f7000 	C:\WINDOWS\SYSTEM32\WINMM.dll
0x00007ff952700000 - 0x00007ff95276b000 	C:\WINDOWS\System32\WS2_32.dll
0x00007ff940f60000 - 0x00007ff940f6a000 	C:\WINDOWS\SYSTEM32\VERSION.dll
0x00007ff93d820000 - 0x00007ff93d82f000 	C:\Users\Abhijeet\.jdks\corretto-1.8.0_302\jre\bin\verify.dll
0x00007ff93d7f0000 - 0x00007ff93d819000 	C:\Users\Abhijeet\.jdks\corretto-1.8.0_302\jre\bin\java.dll
0x00007ff93d7d0000 - 0x00007ff93d7e6000 	C:\Users\Abhijeet\.jdks\corretto-1.8.0_302\jre\bin\zip.dll
0x00007ff951e60000 - 0x00007ff9525a4000 	C:\WINDOWS\System32\SHELL32.dll
0x00007ff94e520000 - 0x00007ff94ecb4000 	C:\WINDOWS\SYSTEM32\windows.storage.dll
0x00007ff951680000 - 0x00007ff9519d4000 	C:\WINDOWS\System32\combase.dll
0x00007ff94fe60000 - 0x00007ff94fe90000 	C:\WINDOWS\SYSTEM32\Wldp.dll
0x00007ff951400000 - 0x00007ff9514ad000 	C:\WINDOWS\System32\SHCORE.dll
0x00007ff952b90000 - 0x00007ff952be5000 	C:\WINDOWS\System32\shlwapi.dll
0x00007ff9504f0000 - 0x00007ff95050f000 	C:\WINDOWS\SYSTEM32\profapi.dll
0x00007ff93e4d0000 - 0x00007ff93e4ea000 	C:\Users\Abhijeet\.jdks\corretto-1.8.0_302\jre\bin\net.dll
0x00007ff94fc40000 - 0x00007ff94fcaa000 	C:\WINDOWS\system32\mswsock.dll
0x00007ff93e4b0000 - 0x00007ff93e4c2000 	C:\Users\Abhijeet\.jdks\corretto-1.8.0_302\jre\bin\nio.dll

VM Arguments:
java_command: org.jetbrains.kotlin.cli.jvm.K2JVMCompiler @E:\Tezos\OpenWebForumHackathonTeamEncrypt\app\build\20220912_8653046108450065171.compiler.options
java_class_path (initial): C:\Users\Abhijeet\.gradle\caches\modules-2\files-2.1\org.jetbrains.kotlin\kotlin-compiler-embeddable\1.6.21\97bdd5a752ce73b58ef16c17bc7f0ea2faff7a2e\kotlin-compiler-embeddable-1.6.21.jar;C:\Users\Abhijeet\.gradle\caches\modules-2\files-2.1\org.jetbrains.kotlin\kotlin-reflect\1.6.21\5dc3574d9b7bebfcb4ec6b10ada4aaa9e140bd0b\kotlin-reflect-1.6.21.jar;C:\Users\Abhijeet\.gradle\caches\modules-2\files-2.1\org.jetbrains.kotlin\kotlin-stdlib\1.6.21\11ef67f1900634fd951bad28c53ec957fabbe5b8\kotlin-stdlib-1.6.21.jar;C:\Users\Abhijeet\.gradle\caches\modules-2\files-2.1\org.jetbrains.kotlin\kotlin-script-runtime\1.6.21\99c6675100da5d6d5b1c5a1032f27f28008d101b\kotlin-script-runtime-1.6.21.jar;C:\Users\Abhijeet\.gradle\caches\modules-2\files-2.1\org.jetbrains.kotlin\kotlin-daemon-embeddable\1.6.21\46b78cf392e1c4f10854c3cadba44abb7b82250f\kotlin-daemon-embeddable-1.6.21.jar;C:\Users\Abhijeet\.gradle\caches\modules-2\files-2.1\org.jetbrains.intellij.deps\trove4j\1.0.20200330\3afb14d5f9ceb459d724e907a21145e8ff394f02\trove4j-1.0.20200330.jar;C:\Users\Abhijeet\.gradle\caches\modules-2\files-2.1\net.java.dev.jna\jna\5.6.0\330f2244e9030119ab3030fc3fededc86713d9cc\jna-5.6.0.jar;C:\Users\Abhijeet\.gradle\caches\modules-2\files-2.1\org.jetbrains.kotlin\kotlin-stdlib-common\1.6.21\5e5b55c26dbc80372a920aef60eb774b714559b8\kotlin-stdlib-common-1.6.21.jar;C:\Users\Abhijeet\.gradle\caches\modules-2\files-2.1\org.jetbrains\annotations\13.0\919f0dfe192fb4e063e7dacadee7f8bb9a2672a9\annotations-13.0.jar;C:\Users\Abhijeet\.jdks\corretto-1.8.0_302\lib\tools.jar
Launcher Type: SUN_STANDARD

Environment Variables:
JAVA_HOME=C:\Program Files\Java\jdk-14.0.2
PATH=C:\Python310\Scripts\;C:\Python310\;C:\WINDOWS\system32;C:\WINDOWS;C:\WINDOWS\System32\Wbem;C:\WINDOWS\System32\WindowsPowerShell\v1.0\;C:\WINDOWS\System32\OpenSSH\;C:\Program Files\Microsoft SQL Server\Client SDK\ODBC\170\Tools\Binn\;C:\Program Files (x86)\Microsoft SQL Server\150\Tools\Binn\;C:\Program Files\Microsoft SQL Server\150\Tools\Binn\;C:\Program Files\Microsoft SQL Server\150\DTS\Binn\;C:\Program Files (x86)\Microsoft SQL Server\150\DTS\Binn\;C:\Program Files\Microsoft SQL Server\130\Tools\Binn\;C:\Program Files\Java\jdk-14.0.2\bin;C:\Program Files\dotnet\;C:\Program Files\Git\cmd;C:\Program Files\nodejs\;C:\ProgramData\chocolatey\bin;C:\Users\Abhijeet\.cargo\bin;C:\Users\Abhijeet\AppData\Local\Microsoft\WindowsApps;C:\Program Files\JetBrains\PyCharm Community Edition 2019.2.1\bin;C:\Program Files\JetBrains\IntelliJ IDEA Community Edition 2019.3.4\bin;C:\Program Files\JetBrains\PyCharm 2020.1\bin;C:\Users\Abhijeet\AppData\Local\atom\bin;C:\Users\Abhijeet\.dotnet\tools;C:\Program Files\JetBrains\PyCharm Community Edition 2020.2.1\bin;C:\Users\Abhijeet\Anaconda3\condabin\conda.bat;C:\Users\Abhijeet\Anaconda3\Scripts\conda.exe;C:\Users\Abhijeet\Anaconda3\Library\bin\conda.bat;C:\Users\Abhijeet\AppData\Local\Microsoft\WindowsApps;C:\Users\Abhijeet\AppData\Roaming\npm;C:\Users\Abhijeet\AppData\Local\Programs\Microsoft VS Code\bin;C:\MinGW\bin;c:\Users\Abhijeet\AppData\Local\atom\bin;C:\Program Files\heroku\bin
USERNAME=Abhijeet
OS=Windows_NT
PROCESSOR_IDENTIFIER=Intel64 Family 6 Model 61 Stepping 4, GenuineIntel



---------------  S Y S T E M  ---------------

OS: Windows 10.0 , 64 bit Build 19041 (10.0.19041.1889)

CPU:total 4 (initial active 4) (2 cores per cpu, 2 threads per core) family 6 model 61 stepping 4, cmov, cx8, fxsr, mmx, sse, sse2, sse3, ssse3, sse4.1, sse4.2, popcnt, avx, avx2, aes, clmul, erms, 3dnowpref, lzcnt, ht, tsc, tscinvbit, bmi1, bmi2, adx

Memory: 4k page, physical 8315244k(365316k free), swap 17866012k(2212k free)

vm_info: OpenJDK 64-Bit Server VM (25.302-b08) for windows-amd64 JRE (1.8.0_302-b08), built on Jul 15 2021 19:37:21 by "Administrator" with MS VC++ 12.0 (VS2013)

time: Mon Sep 12 19:36:14 2022
timezone: India Standard Time
elapsed time: 4.843244 seconds (0d 0h 0m 4s)

